<?xml version="1.0" encoding="UTF-8"?>
<testsuite xmlns:xsi="http://www.w3.org/2001/XMLSchema-instance" xsi:noNamespaceSchemaLocation="https://maven.apache.org/surefire/maven-surefire-plugin/xsd/surefire-test-report.xsd" name="com.ck.AppTest" time="3.673" tests="2" errors="0" skipped="0" failures="0">
  <properties>
    <property name="sun.desktop" value="windows"/>
    <property name="awt.toolkit" value="sun.awt.windows.WToolkit"/>
    <property name="file.encoding.pkg" value="sun.io"/>
    <property name="java.specification.version" value="1.8"/>
    <property name="sun.cpu.isalist" value=""/>
    <property name="sun.jnu.encoding" value="GBK"/>
    <property name="java.class.path" value="F:\Java\workspace_developer1_maven\maven_mybatis\target\test-classes;F:\Java\workspace_developer1_maven\maven_mybatis\target\classes;E:\maven_repository_developer1\junit\junit\4.11\junit-4.11.jar;E:\maven_repository_developer1\org\hamcrest\hamcrest-core\1.3\hamcrest-core-1.3.jar;E:\maven_repository_developer1\mysql\mysql-connector-java\8.0.23\mysql-connector-java-8.0.23.jar;E:\maven_repository_developer1\com\google\protobuf\protobuf-java\3.11.4\protobuf-java-3.11.4.jar;E:\maven_repository_developer1\org\mybatis\mybatis\3.5.6\mybatis-3.5.6.jar;E:\maven_repository_developer1\com\oracle\ojdbc\6.0\ojdbc-6.0.jar;"/>
    <property name="java.vm.vendor" value="Oracle Corporation"/>
    <property name="sun.arch.data.model" value="32"/>
    <property name="user.variant" value=""/>
    <property name="java.vendor.url" value="http://java.oracle.com/"/>
    <property name="user.timezone" value="Asia/Shanghai"/>
    <property name="java.vm.specification.version" value="1.8"/>
    <property name="os.name" value="Windows 7"/>
    <property name="user.country" value="CN"/>
    <property name="sun.java.launcher" value="SUN_STANDARD"/>
    <property name="sun.boot.library.path" value="F:\Java\jdk1.8.0_152\jre\bin"/>
    <property name="sun.java.command" value="C:\Users\ADMINI~1\AppData\Local\Temp\surefire2460938802847935246\surefirebooter5423296918531590798.jar C:\Users\Administrator\AppData\Local\Temp\surefire2460938802847935246 2021-03-29T12-03-40_088-jvmRun1 surefire7227278775395782tmp surefire_08119469872774066389tmp"/>
    <property name="surefire.test.class.path" value="F:\Java\workspace_developer1_maven\maven_mybatis\target\test-classes;F:\Java\workspace_developer1_maven\maven_mybatis\target\classes;E:\maven_repository_developer1\junit\junit\4.11\junit-4.11.jar;E:\maven_repository_developer1\org\hamcrest\hamcrest-core\1.3\hamcrest-core-1.3.jar;E:\maven_repository_developer1\mysql\mysql-connector-java\8.0.23\mysql-connector-java-8.0.23.jar;E:\maven_repository_developer1\com\google\protobuf\protobuf-java\3.11.4\protobuf-java-3.11.4.jar;E:\maven_repository_developer1\org\mybatis\mybatis\3.5.6\mybatis-3.5.6.jar;E:\maven_repository_developer1\com\oracle\ojdbc\6.0\ojdbc-6.0.jar;"/>
    <property name="sun.cpu.endian" value="little"/>
    <property name="user.home" value="C:\Users\Administrator"/>
    <property name="user.language" value="zh"/>
    <property name="java.specification.vendor" value="Oracle Corporation"/>
    <property name="java.home" value="F:\Java\jdk1.8.0_152\jre"/>
    <property name="basedir" value="F:\Java\workspace_developer1_maven\maven_mybatis"/>
    <property name="file.separator" value="\"/>
    <property name="line.separator" value="&#10;"/>
    <property name="java.vm.specification.vendor" value="Oracle Corporation"/>
    <property name="java.specification.name" value="Java Platform API Specification"/>
    <property name="java.awt.graphicsenv" value="sun.awt.Win32GraphicsEnvironment"/>
    <property name="surefire.real.class.path" value="C:\Users\ADMINI~1\AppData\Local\Temp\surefire2460938802847935246\surefirebooter5423296918531590798.jar"/>
    <property name="sun.boot.class.path" value="F:\Java\jdk1.8.0_152\jre\lib\resources.jar;F:\Java\jdk1.8.0_152\jre\lib\rt.jar;F:\Java\jdk1.8.0_152\jre\lib\sunrsasign.jar;F:\Java\jdk1.8.0_152\jre\lib\jsse.jar;F:\Java\jdk1.8.0_152\jre\lib\jce.jar;F:\Java\jdk1.8.0_152\jre\lib\charsets.jar;F:\Java\jdk1.8.0_152\jre\lib\jfr.jar;F:\Java\jdk1.8.0_152\jre\classes"/>
    <property name="user.script" value=""/>
    <property name="sun.management.compiler" value="HotSpot Client Compiler"/>
    <property name="java.runtime.version" value="1.8.0_152-b16"/>
    <property name="user.name" value="Administrator"/>
    <property name="path.separator" value=";"/>
    <property name="os.version" value="6.1"/>
    <property name="java.endorsed.dirs" value="F:\Java\jdk1.8.0_152\jre\lib\endorsed"/>
    <property name="java.runtime.name" value="Java(TM) SE Runtime Environment"/>
    <property name="file.encoding" value="GBK"/>
    <property name="java.vm.name" value="Java HotSpot(TM) Client VM"/>
    <property name="idea.version2020.1" value="true"/>
    <property name="localRepository" value="E:\maven_repository_developer1"/>
    <property name="java.vendor.url.bug" value="http://bugreport.sun.com/bugreport/"/>
    <property name="java.io.tmpdir" value="C:\Users\ADMINI~1\AppData\Local\Temp\"/>
    <property name="java.version" value="1.8.0_152"/>
    <property name="user.dir" value="F:\Java\workspace_developer1_maven\maven_mybatis"/>
    <property name="os.arch" value="x86"/>
    <property name="java.vm.specification.name" value="Java Virtual Machine Specification"/>
    <property name="java.awt.printerjob" value="sun.awt.windows.WPrinterJob"/>
    <property name="sun.os.patch.level" value="Service Pack 1"/>
    <property name="java.library.path" value="F:\Java\jdk1.8.0_152\jre\bin;C:\Windows\Sun\Java\bin;C:\Windows\system32;C:\Windows;E:\Program Files (x86)\NetSarang\Xftp 6\;E:\Program Files\Python36\Scripts\;E:\Program Files\Python36\;F:\Java\jdk1.8_64x_v1\jdk1.8\bin;C:\Windows\System32;E:\TotoriseSVN\bin;e:\Git\cmd;D:\wangcz\technology\Redis\Redis-x64-3.2.100;E:\erl10.4\bin;F:\Java\rabbitmq_server-3.7.7\sbin;E:\Program Files\nodejs\;E:\mysql-5.7\mysql-5.7.23-winx64\bin;C:\Program Files\dotnet\;C:\Program Files\Microsoft SQL Server\Client SDK\ODBC\170\Tools\Binn\;C:\Program Files\Microsoft\Web Platform Installer\;C:\Program Files (x86)\Microsoft ASP.NET\ASP.NET Web Pages\v1.0\;C:\Program Files\Microsoft SQL Server\110\Tools\Binn\;E:\Program Files (x86)\;C:\Users\Administrator\AppData\Roaming\npm;C:\Users\Administrator\.dotnet\tools;."/>
    <property name="java.vm.info" value="mixed mode"/>
    <property name="java.vendor" value="Oracle Corporation"/>
    <property name="java.vm.version" value="25.152-b16"/>
    <property name="java.ext.dirs" value="F:\Java\jdk1.8.0_152\jre\lib\ext;C:\Windows\Sun\Java\lib\ext"/>
    <property name="sun.io.unicode.encoding" value="UnicodeLittle"/>
    <property name="maven.repo.local" value="E:\maven_repository_developer1"/>
    <property name="java.class.version" value="52.0"/>
  </properties>
  <testcase name="shouldAnswerWithTrue" classname="com.ck.AppTest" time="0.003"/>
  <testcase name="test1" classname="com.ck.AppTest" time="3.606"/>
</testsuite>